<?xml version="1.0" encoding="UTF-8"?>
<testng-results ignored="0" total="18" passed="14" failed="4" skipped="0">
  <reporter-output>
  </reporter-output>
  <suite started-at="2021-05-07T20:22:12 MSK" name="Surefire suite" finished-at="2021-05-07T20:25:44 MSK" duration-ms="211795">
    <groups>
    </groups>
    <test started-at="2021-05-07T20:22:12 MSK" name="Surefire test" finished-at="2021-05-07T20:25:44 MSK" duration-ms="211795">
      <class name="frames.FrameTests">
        <test-method is-config="true" signature="setUp()[pri:0, instance:frames.FrameTests@27f74733]" started-at="2021-05-07T20:23:21 MSK" name="setUp" finished-at="2021-05-07T20:23:28 MSK" duration-ms="6732" status="PASS">
          <reporter-output>
          </reporter-output>
        </test-method> <!-- setUp -->
        <test-method is-config="true" signature="goHome()[pri:0, instance:frames.FrameTests@27f74733]" started-at="2021-05-07T20:23:28 MSK" name="goHome" finished-at="2021-05-07T20:23:28 MSK" duration-ms="422" status="PASS">
          <reporter-output>
          </reporter-output>
        </test-method> <!-- goHome -->
        <test-method signature="testEditor()[pri:0, instance:frames.FrameTests@27f74733]" started-at="2021-05-07T20:23:28 MSK" name="testEditor" finished-at="2021-05-07T20:23:32 MSK" duration-ms="3811" status="PASS">
          <reporter-output>
          </reporter-output>
        </test-method> <!-- testEditor -->
        <test-method is-config="true" signature="recordFailure(org.testng.ITestResult)[pri:0, instance:frames.FrameTests@27f74733]" started-at="2021-05-07T20:23:32 MSK" name="recordFailure" finished-at="2021-05-07T20:23:32 MSK" duration-ms="1" status="PASS">
          <params>
            <param index="0">
              <value>
                <![CDATA[[TestResult name=testEditor status=SUCCESS method=FrameTests.testEditor()[pri:0, instance:frames.FrameTests@27f74733] output={null}]]]>
              </value>
            </param>
          </params>
          <reporter-output>
          </reporter-output>
        </test-method> <!-- recordFailure -->
        <test-method is-config="true" signature="tearDown()[pri:0, instance:frames.FrameTests@27f74733]" started-at="2021-05-07T20:23:32 MSK" name="tearDown" finished-at="2021-05-07T20:23:33 MSK" duration-ms="1428" status="PASS">
          <reporter-output>
          </reporter-output>
        </test-method> <!-- tearDown -->
      </class> <!-- frames.FrameTests -->
      <class name="dropdown.DropDownTests">
        <test-method is-config="true" signature="setUp()[pri:0, instance:dropdown.DropDownTests@76954a33]" started-at="2021-05-07T20:22:35 MSK" name="setUp" finished-at="2021-05-07T20:22:44 MSK" duration-ms="9334" status="PASS">
          <reporter-output>
          </reporter-output>
        </test-method> <!-- setUp -->
        <test-method is-config="true" signature="goHome()[pri:0, instance:dropdown.DropDownTests@76954a33]" started-at="2021-05-07T20:22:44 MSK" name="goHome" finished-at="2021-05-07T20:22:44 MSK" duration-ms="373" status="PASS">
          <reporter-output>
          </reporter-output>
        </test-method> <!-- goHome -->
        <test-method signature="testSelectOption()[pri:0, instance:dropdown.DropDownTests@76954a33]" started-at="2021-05-07T20:22:44 MSK" name="testSelectOption" finished-at="2021-05-07T20:22:45 MSK" duration-ms="692" status="FAIL">
          <exception class="java.lang.ClassCastException">
            <message>
              <![CDATA[class org.openqa.selenium.support.events.EventFiringWebDriver$EventFiringWebElement cannot be cast to class org.openqa.selenium.support.ui.Select (org.openqa.selenium.support.events.EventFiringWebDriver$EventFiringWebElement and org.openqa.selenium.support.ui.Select are in unnamed module of loader 'app')]]>
            </message>
            <full-stacktrace>
              <![CDATA[java.lang.ClassCastException: class org.openqa.selenium.support.events.EventFiringWebDriver$EventFiringWebElement cannot be cast to class org.openqa.selenium.support.ui.Select (org.openqa.selenium.support.events.EventFiringWebDriver$EventFiringWebElement and org.openqa.selenium.support.ui.Select are in unnamed module of loader 'app')
at pages.DropdownPage.selectFromDropDown(DropdownPage.java:20)
at dropdown.DropDownTests.testSelectOption(DropDownTests.java:17)
at java.base/jdk.internal.reflect.NativeMethodAccessorImpl.invoke0(Native Method)
at java.base/jdk.internal.reflect.NativeMethodAccessorImpl.invoke(NativeMethodAccessorImpl.java:62)
at java.base/jdk.internal.reflect.DelegatingMethodAccessorImpl.invoke(DelegatingMethodAccessorImpl.java:43)
at java.base/java.lang.reflect.Method.invoke(Method.java:566)
at org.testng.internal.MethodInvocationHelper.invokeMethod(MethodInvocationHelper.java:133)
at org.testng.internal.TestInvoker.invokeMethod(TestInvoker.java:598)
at org.testng.internal.TestInvoker.invokeTestMethod(TestInvoker.java:173)
at org.testng.internal.MethodRunner.runInSequence(MethodRunner.java:46)
at org.testng.internal.TestInvoker$MethodInvocationAgent.invoke(TestInvoker.java:824)
at org.testng.internal.TestInvoker.invokeTestMethods(TestInvoker.java:146)
at org.testng.internal.TestMethodWorker.invokeTestMethods(TestMethodWorker.java:146)
at org.testng.internal.TestMethodWorker.run(TestMethodWorker.java:128)
at java.base/java.util.ArrayList.forEach(ArrayList.java:1540)
at org.testng.TestRunner.privateRun(TestRunner.java:794)
at org.testng.TestRunner.run(TestRunner.java:596)
at org.testng.SuiteRunner.runTest(SuiteRunner.java:377)
at org.testng.SuiteRunner.runSequentially(SuiteRunner.java:371)
at org.testng.SuiteRunner.privateRun(SuiteRunner.java:332)
at org.testng.SuiteRunner.run(SuiteRunner.java:276)
at org.testng.SuiteRunnerWorker.runSuite(SuiteRunnerWorker.java:53)
at org.testng.SuiteRunnerWorker.run(SuiteRunnerWorker.java:96)
at org.testng.TestNG.runSuitesSequentially(TestNG.java:1212)
at org.testng.TestNG.runSuitesLocally(TestNG.java:1134)
at org.testng.TestNG.runSuites(TestNG.java:1063)
at org.testng.TestNG.run(TestNG.java:1031)
at org.apache.maven.surefire.testng.TestNGExecutor.run(TestNGExecutor.java:135)
at org.apache.maven.surefire.testng.TestNGDirectoryTestSuite.executeMulti(TestNGDirectoryTestSuite.java:193)
at org.apache.maven.surefire.testng.TestNGDirectoryTestSuite.execute(TestNGDirectoryTestSuite.java:94)
at org.apache.maven.surefire.testng.TestNGProvider.invoke(TestNGProvider.java:146)
at org.apache.maven.surefire.booter.ForkedBooter.invokeProviderInSameClassLoader(ForkedBooter.java:384)
at org.apache.maven.surefire.booter.ForkedBooter.runSuitesInProcess(ForkedBooter.java:345)
at org.apache.maven.surefire.booter.ForkedBooter.execute(ForkedBooter.java:126)
at org.apache.maven.surefire.booter.ForkedBooter.main(ForkedBooter.java:418)
]]>
            </full-stacktrace>
          </exception> <!-- java.lang.ClassCastException -->
          <reporter-output>
          </reporter-output>
        </test-method> <!-- testSelectOption -->
        <test-method is-config="true" signature="recordFailure(org.testng.ITestResult)[pri:0, instance:dropdown.DropDownTests@76954a33]" started-at="2021-05-07T20:22:45 MSK" name="recordFailure" finished-at="2021-05-07T20:22:46 MSK" duration-ms="467" status="FAIL">
          <params>
            <param index="0">
              <value>
                <![CDATA[[TestResult name=testSelectOption status=FAILURE method=DropDownTests.testSelectOption()[pri:0, instance:dropdown.DropDownTests@76954a33] output={null}]]]>
              </value>
            </param>
          </params>
          <exception class="java.io.FileNotFoundException">
            <message>
              <![CDATA[src\test\resources\screenshots\screenshottestSelectOptionpng (The system cannot find the path specified)]]>
            </message>
            <full-stacktrace>
              <![CDATA[java.io.FileNotFoundException: src\test\resources\screenshots\screenshottestSelectOptionpng (The system cannot find the path specified)
at java.base/java.io.FileOutputStream.open0(Native Method)
at java.base/java.io.FileOutputStream.open(FileOutputStream.java:298)
at java.base/java.io.FileOutputStream.<init>(FileOutputStream.java:237)
at com.google.common.io.Files$FileByteSink.openStream(Files.java:192)
at com.google.common.io.Files$FileByteSink.openStream(Files.java:180)
at com.google.common.io.ByteSource.copyTo(ByteSource.java:268)
at com.google.common.io.Files.copy(Files.java:319)
at com.google.common.io.Files.move(Files.java:478)
at base.BaseTests.takeScreenshot(BaseTests.java:61)
at base.BaseTests.recordFailure(BaseTests.java:67)
at java.base/jdk.internal.reflect.NativeMethodAccessorImpl.invoke0(Native Method)
at java.base/jdk.internal.reflect.NativeMethodAccessorImpl.invoke(NativeMethodAccessorImpl.java:62)
at java.base/jdk.internal.reflect.DelegatingMethodAccessorImpl.invoke(DelegatingMethodAccessorImpl.java:43)
at java.base/java.lang.reflect.Method.invoke(Method.java:566)
at org.testng.internal.MethodInvocationHelper.invokeMethod(MethodInvocationHelper.java:133)
at org.testng.internal.MethodInvocationHelper.invokeMethodConsideringTimeout(MethodInvocationHelper.java:62)
at org.testng.internal.ConfigInvoker.invokeConfigurationMethod(ConfigInvoker.java:385)
at org.testng.internal.ConfigInvoker.invokeConfigurations(ConfigInvoker.java:321)
at org.testng.internal.TestInvoker.runConfigMethods(TestInvoker.java:700)
at org.testng.internal.TestInvoker.runAfterGroupsConfigurations(TestInvoker.java:676)
at org.testng.internal.TestInvoker.invokeMethod(TestInvoker.java:660)
at org.testng.internal.TestInvoker.invokeTestMethod(TestInvoker.java:173)
at org.testng.internal.MethodRunner.runInSequence(MethodRunner.java:46)
at org.testng.internal.TestInvoker$MethodInvocationAgent.invoke(TestInvoker.java:824)
at org.testng.internal.TestInvoker.invokeTestMethods(TestInvoker.java:146)
at org.testng.internal.TestMethodWorker.invokeTestMethods(TestMethodWorker.java:146)
at org.testng.internal.TestMethodWorker.run(TestMethodWorker.java:128)
at java.base/java.util.ArrayList.forEach(ArrayList.java:1540)
at org.testng.TestRunner.privateRun(TestRunner.java:794)
at org.testng.TestRunner.run(TestRunner.java:596)
at org.testng.SuiteRunner.runTest(SuiteRunner.java:377)
at org.testng.SuiteRunner.runSequentially(SuiteRunner.java:371)
at org.testng.SuiteRunner.privateRun(SuiteRunner.java:332)
at org.testng.SuiteRunner.run(SuiteRunner.java:276)
at org.testng.SuiteRunnerWorker.runSuite(SuiteRunnerWorker.java:53)
at org.testng.SuiteRunnerWorker.run(SuiteRunnerWorker.java:96)
at org.testng.TestNG.runSuitesSequentially(TestNG.java:1212)
at org.testng.TestNG.runSuitesLocally(TestNG.java:1134)
at org.testng.TestNG.runSuites(TestNG.java:1063)
at org.testng.TestNG.run(TestNG.java:1031)
at org.apache.maven.surefire.testng.TestNGExecutor.run(TestNGExecutor.java:135)
at org.apache.maven.surefire.testng.TestNGDirectoryTestSuite.executeMulti(TestNGDirectoryTestSuite.java:193)
at org.apache.maven.surefire.testng.TestNGDirectoryTestSuite.execute(TestNGDirectoryTestSuite.java:94)
at org.apache.maven.surefire.testng.TestNGProvider.invoke(TestNGProvider.java:146)
at org.apache.maven.surefire.booter.ForkedBooter.invokeProviderInSameClassLoader(ForkedBooter.java:384)
at org.apache.maven.surefire.booter.ForkedBooter.runSuitesInProcess(ForkedBooter.java:345)
at org.apache.maven.surefire.booter.ForkedBooter.execute(ForkedBooter.java:126)
at org.apache.maven.surefire.booter.ForkedBooter.main(ForkedBooter.java:418)
]]>
            </full-stacktrace>
          </exception> <!-- java.io.FileNotFoundException -->
          <reporter-output>
          </reporter-output>
        </test-method> <!-- recordFailure -->
        <test-method is-config="true" signature="tearDown()[pri:0, instance:dropdown.DropDownTests@76954a33]" started-at="2021-05-07T20:22:46 MSK" name="tearDown" finished-at="1970-01-01T03:00:00 MSK" duration-ms="-1620408166019" status="SKIP">
          <reporter-output>
          </reporter-output>
        </test-method> <!-- tearDown -->
      </class> <!-- dropdown.DropDownTests -->
      <class name="wait.WaitTests">
        <test-method is-config="true" signature="setUp()[pri:0, instance:wait.WaitTests@3c89bb12]" started-at="2021-05-07T20:25:25 MSK" name="setUp" finished-at="2021-05-07T20:25:31 MSK" duration-ms="5272" status="PASS">
          <reporter-output>
          </reporter-output>
        </test-method> <!-- setUp -->
        <test-method is-config="true" signature="goHome()[pri:0, instance:wait.WaitTests@3c89bb12]" started-at="2021-05-07T20:25:31 MSK" name="goHome" finished-at="2021-05-07T20:25:31 MSK" duration-ms="359" status="PASS">
          <reporter-output>
          </reporter-output>
        </test-method> <!-- goHome -->
        <test-method signature="testWaits()[pri:0, instance:wait.WaitTests@3c89bb12]" started-at="2021-05-07T20:25:31 MSK" name="testWaits" finished-at="2021-05-07T20:25:37 MSK" duration-ms="6317" status="PASS">
          <reporter-output>
          </reporter-output>
        </test-method> <!-- testWaits -->
        <test-method is-config="true" signature="recordFailure(org.testng.ITestResult)[pri:0, instance:wait.WaitTests@3c89bb12]" started-at="2021-05-07T20:25:37 MSK" name="recordFailure" finished-at="2021-05-07T20:25:37 MSK" duration-ms="1" status="PASS">
          <params>
            <param index="0">
              <value>
                <![CDATA[[TestResult name=testWaits status=SUCCESS method=WaitTests.testWaits()[pri:0, instance:wait.WaitTests@3c89bb12] output={null}]]]>
              </value>
            </param>
          </params>
          <reporter-output>
          </reporter-output>
        </test-method> <!-- recordFailure -->
        <test-method is-config="true" signature="tearDown()[pri:0, instance:wait.WaitTests@3c89bb12]" started-at="2021-05-07T20:25:37 MSK" name="tearDown" finished-at="2021-05-07T20:25:44 MSK" duration-ms="6304" status="PASS">
          <reporter-output>
          </reporter-output>
        </test-method> <!-- tearDown -->
      </class> <!-- wait.WaitTests -->
      <class name="login.LoginTests">
        <test-method is-config="true" signature="setUp()[pri:0, instance:login.LoginTests@21325036]" started-at="2021-05-07T20:24:27 MSK" name="setUp" finished-at="2021-05-07T20:24:35 MSK" duration-ms="7434" status="PASS">
          <reporter-output>
          </reporter-output>
        </test-method> <!-- setUp -->
        <test-method is-config="true" signature="goHome()[pri:0, instance:login.LoginTests@21325036]" started-at="2021-05-07T20:24:35 MSK" name="goHome" finished-at="2021-05-07T20:24:35 MSK" duration-ms="402" status="PASS">
          <reporter-output>
          </reporter-output>
        </test-method> <!-- goHome -->
        <test-method signature="testSuccessfulLogin()[pri:0, instance:login.LoginTests@21325036]" started-at="2021-05-07T20:24:35 MSK" name="testSuccessfulLogin" finished-at="2021-05-07T20:24:38 MSK" duration-ms="2940" status="FAIL">
          <exception class="java.lang.AssertionError">
            <message>
              <![CDATA[Message is wrong expected [You logged into a secure area!
ﾃ余 but found [Your username is invalid!
ﾃ余]]>
            </message>
            <full-stacktrace>
              <![CDATA[java.lang.AssertionError: Message is wrong expected [You logged into a secure area!
ﾃ余 but found [Your username is invalid!
ﾃ余
at org.testng.Assert.fail(Assert.java:99)
at org.testng.Assert.failNotEquals(Assert.java:1037)
at org.testng.Assert.assertEqualsImpl(Assert.java:140)
at org.testng.Assert.assertEquals(Assert.java:122)
at org.testng.Assert.assertEquals(Assert.java:629)
at login.LoginTests.testSuccessfulLogin(LoginTests.java:18)
at java.base/jdk.internal.reflect.NativeMethodAccessorImpl.invoke0(Native Method)
at java.base/jdk.internal.reflect.NativeMethodAccessorImpl.invoke(NativeMethodAccessorImpl.java:62)
at java.base/jdk.internal.reflect.DelegatingMethodAccessorImpl.invoke(DelegatingMethodAccessorImpl.java:43)
at java.base/java.lang.reflect.Method.invoke(Method.java:566)
at org.testng.internal.MethodInvocationHelper.invokeMethod(MethodInvocationHelper.java:133)
at org.testng.internal.TestInvoker.invokeMethod(TestInvoker.java:598)
at org.testng.internal.TestInvoker.invokeTestMethod(TestInvoker.java:173)
at org.testng.internal.MethodRunner.runInSequence(MethodRunner.java:46)
at org.testng.internal.TestInvoker$MethodInvocationAgent.invoke(TestInvoker.java:824)
at org.testng.internal.TestInvoker.invokeTestMethods(TestInvoker.java:146)
at org.testng.internal.TestMethodWorker.invokeTestMethods(TestMethodWorker.java:146)
at org.testng.internal.TestMethodWorker.run(TestMethodWorker.java:128)
at java.base/java.util.ArrayList.forEach(ArrayList.java:1540)
at org.testng.TestRunner.privateRun(TestRunner.java:794)
at org.testng.TestRunner.run(TestRunner.java:596)
at org.testng.SuiteRunner.runTest(SuiteRunner.java:377)
at org.testng.SuiteRunner.runSequentially(SuiteRunner.java:371)
at org.testng.SuiteRunner.privateRun(SuiteRunner.java:332)
at org.testng.SuiteRunner.run(SuiteRunner.java:276)
at org.testng.SuiteRunnerWorker.runSuite(SuiteRunnerWorker.java:53)
at org.testng.SuiteRunnerWorker.run(SuiteRunnerWorker.java:96)
at org.testng.TestNG.runSuitesSequentially(TestNG.java:1212)
at org.testng.TestNG.runSuitesLocally(TestNG.java:1134)
at org.testng.TestNG.runSuites(TestNG.java:1063)
at org.testng.TestNG.run(TestNG.java:1031)
at org.apache.maven.surefire.testng.TestNGExecutor.run(TestNGExecutor.java:135)
at org.apache.maven.surefire.testng.TestNGDirectoryTestSuite.executeMulti(TestNGDirectoryTestSuite.java:193)
at org.apache.maven.surefire.testng.TestNGDirectoryTestSuite.execute(TestNGDirectoryTestSuite.java:94)
at org.apache.maven.surefire.testng.TestNGProvider.invoke(TestNGProvider.java:146)
at org.apache.maven.surefire.booter.ForkedBooter.invokeProviderInSameClassLoader(ForkedBooter.java:384)
at org.apache.maven.surefire.booter.ForkedBooter.runSuitesInProcess(ForkedBooter.java:345)
at org.apache.maven.surefire.booter.ForkedBooter.execute(ForkedBooter.java:126)
at org.apache.maven.surefire.booter.ForkedBooter.main(ForkedBooter.java:418)
]]>
            </full-stacktrace>
          </exception> <!-- java.lang.AssertionError -->
          <reporter-output>
          </reporter-output>
        </test-method> <!-- testSuccessfulLogin -->
        <test-method is-config="true" signature="recordFailure(org.testng.ITestResult)[pri:0, instance:login.LoginTests@21325036]" started-at="2021-05-07T20:24:38 MSK" name="recordFailure" finished-at="2021-05-07T20:24:38 MSK" duration-ms="570" status="FAIL">
          <params>
            <param index="0">
              <value>
                <![CDATA[[TestResult name=testSuccessfulLogin status=FAILURE method=LoginTests.testSuccessfulLogin()[pri:0, instance:login.LoginTests@21325036] output={null}]]]>
              </value>
            </param>
          </params>
          <exception class="java.io.FileNotFoundException">
            <message>
              <![CDATA[src\test\resources\screenshots\screenshottestSuccessfulLoginpng (The system cannot find the path specified)]]>
            </message>
            <full-stacktrace>
              <![CDATA[java.io.FileNotFoundException: src\test\resources\screenshots\screenshottestSuccessfulLoginpng (The system cannot find the path specified)
at java.base/java.io.FileOutputStream.open0(Native Method)
at java.base/java.io.FileOutputStream.open(FileOutputStream.java:298)
at java.base/java.io.FileOutputStream.<init>(FileOutputStream.java:237)
at com.google.common.io.Files$FileByteSink.openStream(Files.java:192)
at com.google.common.io.Files$FileByteSink.openStream(Files.java:180)
at com.google.common.io.ByteSource.copyTo(ByteSource.java:268)
at com.google.common.io.Files.copy(Files.java:319)
at com.google.common.io.Files.move(Files.java:478)
at base.BaseTests.takeScreenshot(BaseTests.java:61)
at base.BaseTests.recordFailure(BaseTests.java:67)
at java.base/jdk.internal.reflect.NativeMethodAccessorImpl.invoke0(Native Method)
at java.base/jdk.internal.reflect.NativeMethodAccessorImpl.invoke(NativeMethodAccessorImpl.java:62)
at java.base/jdk.internal.reflect.DelegatingMethodAccessorImpl.invoke(DelegatingMethodAccessorImpl.java:43)
at java.base/java.lang.reflect.Method.invoke(Method.java:566)
at org.testng.internal.MethodInvocationHelper.invokeMethod(MethodInvocationHelper.java:133)
at org.testng.internal.MethodInvocationHelper.invokeMethodConsideringTimeout(MethodInvocationHelper.java:62)
at org.testng.internal.ConfigInvoker.invokeConfigurationMethod(ConfigInvoker.java:385)
at org.testng.internal.ConfigInvoker.invokeConfigurations(ConfigInvoker.java:321)
at org.testng.internal.TestInvoker.runConfigMethods(TestInvoker.java:700)
at org.testng.internal.TestInvoker.runAfterGroupsConfigurations(TestInvoker.java:676)
at org.testng.internal.TestInvoker.invokeMethod(TestInvoker.java:660)
at org.testng.internal.TestInvoker.invokeTestMethod(TestInvoker.java:173)
at org.testng.internal.MethodRunner.runInSequence(MethodRunner.java:46)
at org.testng.internal.TestInvoker$MethodInvocationAgent.invoke(TestInvoker.java:824)
at org.testng.internal.TestInvoker.invokeTestMethods(TestInvoker.java:146)
at org.testng.internal.TestMethodWorker.invokeTestMethods(TestMethodWorker.java:146)
at org.testng.internal.TestMethodWorker.run(TestMethodWorker.java:128)
at java.base/java.util.ArrayList.forEach(ArrayList.java:1540)
at org.testng.TestRunner.privateRun(TestRunner.java:794)
at org.testng.TestRunner.run(TestRunner.java:596)
at org.testng.SuiteRunner.runTest(SuiteRunner.java:377)
at org.testng.SuiteRunner.runSequentially(SuiteRunner.java:371)
at org.testng.SuiteRunner.privateRun(SuiteRunner.java:332)
at org.testng.SuiteRunner.run(SuiteRunner.java:276)
at org.testng.SuiteRunnerWorker.runSuite(SuiteRunnerWorker.java:53)
at org.testng.SuiteRunnerWorker.run(SuiteRunnerWorker.java:96)
at org.testng.TestNG.runSuitesSequentially(TestNG.java:1212)
at org.testng.TestNG.runSuitesLocally(TestNG.java:1134)
at org.testng.TestNG.runSuites(TestNG.java:1063)
at org.testng.TestNG.run(TestNG.java:1031)
at org.apache.maven.surefire.testng.TestNGExecutor.run(TestNGExecutor.java:135)
at org.apache.maven.surefire.testng.TestNGDirectoryTestSuite.executeMulti(TestNGDirectoryTestSuite.java:193)
at org.apache.maven.surefire.testng.TestNGDirectoryTestSuite.execute(TestNGDirectoryTestSuite.java:94)
at org.apache.maven.surefire.testng.TestNGProvider.invoke(TestNGProvider.java:146)
at org.apache.maven.surefire.booter.ForkedBooter.invokeProviderInSameClassLoader(ForkedBooter.java:384)
at org.apache.maven.surefire.booter.ForkedBooter.runSuitesInProcess(ForkedBooter.java:345)
at org.apache.maven.surefire.booter.ForkedBooter.execute(ForkedBooter.java:126)
at org.apache.maven.surefire.booter.ForkedBooter.main(ForkedBooter.java:418)
]]>
            </full-stacktrace>
          </exception> <!-- java.io.FileNotFoundException -->
          <reporter-output>
          </reporter-output>
        </test-method> <!-- recordFailure -->
        <test-method is-config="true" signature="tearDown()[pri:0, instance:login.LoginTests@21325036]" started-at="2021-05-07T20:24:38 MSK" name="tearDown" finished-at="1970-01-01T03:00:00 MSK" duration-ms="-1620408278996" status="SKIP">
          <reporter-output>
          </reporter-output>
        </test-method> <!-- tearDown -->
      </class> <!-- login.LoginTests -->
      <class name="forgotPassword.ForgotPasswordTests">
        <test-method is-config="true" signature="setUp()[pri:0, instance:forgotPassword.ForgotPasswordTests@982bb90]" started-at="2021-05-07T20:23:12 MSK" name="setUp" finished-at="2021-05-07T20:23:17 MSK" duration-ms="5484" status="PASS">
          <reporter-output>
          </reporter-output>
        </test-method> <!-- setUp -->
        <test-method is-config="true" signature="goHome()[pri:0, instance:forgotPassword.ForgotPasswordTests@982bb90]" started-at="2021-05-07T20:23:17 MSK" name="goHome" finished-at="2021-05-07T20:23:17 MSK" duration-ms="285" status="PASS">
          <reporter-output>
          </reporter-output>
        </test-method> <!-- goHome -->
        <test-method signature="testForgottenEmail()[pri:0, instance:forgotPassword.ForgotPasswordTests@982bb90]" started-at="2021-05-07T20:23:17 MSK" name="testForgottenEmail" finished-at="2021-05-07T20:23:19 MSK" duration-ms="1988" status="PASS">
          <reporter-output>
          </reporter-output>
        </test-method> <!-- testForgottenEmail -->
        <test-method is-config="true" signature="recordFailure(org.testng.ITestResult)[pri:0, instance:forgotPassword.ForgotPasswordTests@982bb90]" started-at="2021-05-07T20:23:19 MSK" name="recordFailure" finished-at="2021-05-07T20:23:19 MSK" duration-ms="1" status="PASS">
          <params>
            <param index="0">
              <value>
                <![CDATA[[TestResult name=testForgottenEmail status=SUCCESS method=ForgotPasswordTests.testForgottenEmail()[pri:0, instance:forgotPassword.ForgotPasswordTests@982bb90] output={null}]]]>
              </value>
            </param>
          </params>
          <reporter-output>
          </reporter-output>
        </test-method> <!-- recordFailure -->
        <test-method is-config="true" signature="tearDown()[pri:0, instance:forgotPassword.ForgotPasswordTests@982bb90]" started-at="2021-05-07T20:23:19 MSK" name="tearDown" finished-at="2021-05-07T20:23:21 MSK" duration-ms="1452" status="PASS">
          <reporter-output>
          </reporter-output>
        </test-method> <!-- tearDown -->
      </class> <!-- forgotPassword.ForgotPasswordTests -->
      <class name="modals.ModalTests">
        <test-method is-config="true" signature="setUp()[pri:0, instance:modals.ModalTests@489543a6]" started-at="2021-05-07T20:24:38 MSK" name="setUp" finished-at="2021-05-07T20:24:45 MSK" duration-ms="6307" status="PASS">
          <reporter-output>
          </reporter-output>
        </test-method> <!-- setUp -->
        <test-method is-config="true" signature="goHome()[pri:0, instance:modals.ModalTests@489543a6]" started-at="2021-05-07T20:24:45 MSK" name="goHome" finished-at="2021-05-07T20:24:46 MSK" duration-ms="880" status="PASS">
          <reporter-output>
          </reporter-output>
        </test-method> <!-- goHome -->
        <test-method signature="testModal()[pri:0, instance:modals.ModalTests@489543a6]" started-at="2021-05-07T20:24:46 MSK" name="testModal" finished-at="2021-05-07T20:24:48 MSK" duration-ms="1992" status="PASS">
          <reporter-output>
          </reporter-output>
        </test-method> <!-- testModal -->
        <test-method is-config="true" signature="recordFailure(org.testng.ITestResult)[pri:0, instance:modals.ModalTests@489543a6]" started-at="2021-05-07T20:24:48 MSK" name="recordFailure" finished-at="2021-05-07T20:24:48 MSK" duration-ms="1" status="PASS">
          <params>
            <param index="0">
              <value>
                <![CDATA[[TestResult name=testModal status=SUCCESS method=ModalTests.testModal()[pri:0, instance:modals.ModalTests@489543a6] output={null}]]]>
              </value>
            </param>
          </params>
          <reporter-output>
          </reporter-output>
        </test-method> <!-- recordFailure -->
        <test-method is-config="true" signature="tearDown()[pri:0, instance:modals.ModalTests@489543a6]" started-at="2021-05-07T20:24:48 MSK" name="tearDown" finished-at="2021-05-07T20:24:50 MSK" duration-ms="2244" status="PASS">
          <reporter-output>
          </reporter-output>
        </test-method> <!-- tearDown -->
      </class> <!-- modals.ModalTests -->
      <class name="hovers.HoversTests">
        <test-method is-config="true" signature="setUp()[pri:0, instance:hovers.HoversTests@44c5a16f]" started-at="2021-05-07T20:23:33 MSK" name="setUp" finished-at="2021-05-07T20:23:38 MSK" duration-ms="4752" status="PASS">
          <reporter-output>
          </reporter-output>
        </test-method> <!-- setUp -->
        <test-method is-config="true" signature="goHome()[pri:0, instance:hovers.HoversTests@44c5a16f]" started-at="2021-05-07T20:23:38 MSK" name="goHome" finished-at="2021-05-07T20:23:39 MSK" duration-ms="782" status="PASS">
          <reporter-output>
          </reporter-output>
        </test-method> <!-- goHome -->
        <test-method signature="testHoverUser()[pri:0, instance:hovers.HoversTests@44c5a16f]" started-at="2021-05-07T20:23:39 MSK" name="testHoverUser" finished-at="2021-05-07T20:23:41 MSK" duration-ms="2191" status="FAIL">
          <exception class="java.lang.AssertionError">
            <message>
              <![CDATA[wrong link href attr expected [/user/1] but found [http://the-internet.herokuapp.com/users/1]]]>
            </message>
            <full-stacktrace>
              <![CDATA[java.lang.AssertionError: wrong link href attr expected [/user/1] but found [http://the-internet.herokuapp.com/users/1]
at org.testng.Assert.fail(Assert.java:99)
at org.testng.Assert.failNotEquals(Assert.java:1037)
at org.testng.Assert.assertEqualsImpl(Assert.java:140)
at org.testng.Assert.assertEquals(Assert.java:122)
at org.testng.Assert.assertEquals(Assert.java:629)
at hovers.HoversTests.testHoverUser(HoversTests.java:22)
at java.base/jdk.internal.reflect.NativeMethodAccessorImpl.invoke0(Native Method)
at java.base/jdk.internal.reflect.NativeMethodAccessorImpl.invoke(NativeMethodAccessorImpl.java:62)
at java.base/jdk.internal.reflect.DelegatingMethodAccessorImpl.invoke(DelegatingMethodAccessorImpl.java:43)
at java.base/java.lang.reflect.Method.invoke(Method.java:566)
at org.testng.internal.MethodInvocationHelper.invokeMethod(MethodInvocationHelper.java:133)
at org.testng.internal.TestInvoker.invokeMethod(TestInvoker.java:598)
at org.testng.internal.TestInvoker.invokeTestMethod(TestInvoker.java:173)
at org.testng.internal.MethodRunner.runInSequence(MethodRunner.java:46)
at org.testng.internal.TestInvoker$MethodInvocationAgent.invoke(TestInvoker.java:824)
at org.testng.internal.TestInvoker.invokeTestMethods(TestInvoker.java:146)
at org.testng.internal.TestMethodWorker.invokeTestMethods(TestMethodWorker.java:146)
at org.testng.internal.TestMethodWorker.run(TestMethodWorker.java:128)
at java.base/java.util.ArrayList.forEach(ArrayList.java:1540)
at org.testng.TestRunner.privateRun(TestRunner.java:794)
at org.testng.TestRunner.run(TestRunner.java:596)
at org.testng.SuiteRunner.runTest(SuiteRunner.java:377)
at org.testng.SuiteRunner.runSequentially(SuiteRunner.java:371)
at org.testng.SuiteRunner.privateRun(SuiteRunner.java:332)
at org.testng.SuiteRunner.run(SuiteRunner.java:276)
at org.testng.SuiteRunnerWorker.runSuite(SuiteRunnerWorker.java:53)
at org.testng.SuiteRunnerWorker.run(SuiteRunnerWorker.java:96)
at org.testng.TestNG.runSuitesSequentially(TestNG.java:1212)
at org.testng.TestNG.runSuitesLocally(TestNG.java:1134)
at org.testng.TestNG.runSuites(TestNG.java:1063)
at org.testng.TestNG.run(TestNG.java:1031)
at org.apache.maven.surefire.testng.TestNGExecutor.run(TestNGExecutor.java:135)
at org.apache.maven.surefire.testng.TestNGDirectoryTestSuite.executeMulti(TestNGDirectoryTestSuite.java:193)
at org.apache.maven.surefire.testng.TestNGDirectoryTestSuite.execute(TestNGDirectoryTestSuite.java:94)
at org.apache.maven.surefire.testng.TestNGProvider.invoke(TestNGProvider.java:146)
at org.apache.maven.surefire.booter.ForkedBooter.invokeProviderInSameClassLoader(ForkedBooter.java:384)
at org.apache.maven.surefire.booter.ForkedBooter.runSuitesInProcess(ForkedBooter.java:345)
at org.apache.maven.surefire.booter.ForkedBooter.execute(ForkedBooter.java:126)
at org.apache.maven.surefire.booter.ForkedBooter.main(ForkedBooter.java:418)
]]>
            </full-stacktrace>
          </exception> <!-- java.lang.AssertionError -->
          <reporter-output>
          </reporter-output>
        </test-method> <!-- testHoverUser -->
        <test-method is-config="true" signature="recordFailure(org.testng.ITestResult)[pri:0, instance:hovers.HoversTests@44c5a16f]" started-at="2021-05-07T20:23:41 MSK" name="recordFailure" finished-at="2021-05-07T20:23:42 MSK" duration-ms="1065" status="FAIL">
          <params>
            <param index="0">
              <value>
                <![CDATA[[TestResult name=testHoverUser status=FAILURE method=HoversTests.testHoverUser()[pri:0, instance:hovers.HoversTests@44c5a16f] output={null}]]]>
              </value>
            </param>
          </params>
          <exception class="java.io.FileNotFoundException">
            <message>
              <![CDATA[src\test\resources\screenshots\screenshottestHoverUserpng (The system cannot find the path specified)]]>
            </message>
            <full-stacktrace>
              <![CDATA[java.io.FileNotFoundException: src\test\resources\screenshots\screenshottestHoverUserpng (The system cannot find the path specified)
at java.base/java.io.FileOutputStream.open0(Native Method)
at java.base/java.io.FileOutputStream.open(FileOutputStream.java:298)
at java.base/java.io.FileOutputStream.<init>(FileOutputStream.java:237)
at com.google.common.io.Files$FileByteSink.openStream(Files.java:192)
at com.google.common.io.Files$FileByteSink.openStream(Files.java:180)
at com.google.common.io.ByteSource.copyTo(ByteSource.java:268)
at com.google.common.io.Files.copy(Files.java:319)
at com.google.common.io.Files.move(Files.java:478)
at base.BaseTests.takeScreenshot(BaseTests.java:61)
at base.BaseTests.recordFailure(BaseTests.java:67)
at java.base/jdk.internal.reflect.NativeMethodAccessorImpl.invoke0(Native Method)
at java.base/jdk.internal.reflect.NativeMethodAccessorImpl.invoke(NativeMethodAccessorImpl.java:62)
at java.base/jdk.internal.reflect.DelegatingMethodAccessorImpl.invoke(DelegatingMethodAccessorImpl.java:43)
at java.base/java.lang.reflect.Method.invoke(Method.java:566)
at org.testng.internal.MethodInvocationHelper.invokeMethod(MethodInvocationHelper.java:133)
at org.testng.internal.MethodInvocationHelper.invokeMethodConsideringTimeout(MethodInvocationHelper.java:62)
at org.testng.internal.ConfigInvoker.invokeConfigurationMethod(ConfigInvoker.java:385)
at org.testng.internal.ConfigInvoker.invokeConfigurations(ConfigInvoker.java:321)
at org.testng.internal.TestInvoker.runConfigMethods(TestInvoker.java:700)
at org.testng.internal.TestInvoker.runAfterGroupsConfigurations(TestInvoker.java:676)
at org.testng.internal.TestInvoker.invokeMethod(TestInvoker.java:660)
at org.testng.internal.TestInvoker.invokeTestMethod(TestInvoker.java:173)
at org.testng.internal.MethodRunner.runInSequence(MethodRunner.java:46)
at org.testng.internal.TestInvoker$MethodInvocationAgent.invoke(TestInvoker.java:824)
at org.testng.internal.TestInvoker.invokeTestMethods(TestInvoker.java:146)
at org.testng.internal.TestMethodWorker.invokeTestMethods(TestMethodWorker.java:146)
at org.testng.internal.TestMethodWorker.run(TestMethodWorker.java:128)
at java.base/java.util.ArrayList.forEach(ArrayList.java:1540)
at org.testng.TestRunner.privateRun(TestRunner.java:794)
at org.testng.TestRunner.run(TestRunner.java:596)
at org.testng.SuiteRunner.runTest(SuiteRunner.java:377)
at org.testng.SuiteRunner.runSequentially(SuiteRunner.java:371)
at org.testng.SuiteRunner.privateRun(SuiteRunner.java:332)
at org.testng.SuiteRunner.run(SuiteRunner.java:276)
at org.testng.SuiteRunnerWorker.runSuite(SuiteRunnerWorker.java:53)
at org.testng.SuiteRunnerWorker.run(SuiteRunnerWorker.java:96)
at org.testng.TestNG.runSuitesSequentially(TestNG.java:1212)
at org.testng.TestNG.runSuitesLocally(TestNG.java:1134)
at org.testng.TestNG.runSuites(TestNG.java:1063)
at org.testng.TestNG.run(TestNG.java:1031)
at org.apache.maven.surefire.testng.TestNGExecutor.run(TestNGExecutor.java:135)
at org.apache.maven.surefire.testng.TestNGDirectoryTestSuite.executeMulti(TestNGDirectoryTestSuite.java:193)
at org.apache.maven.surefire.testng.TestNGDirectoryTestSuite.execute(TestNGDirectoryTestSuite.java:94)
at org.apache.maven.surefire.testng.TestNGProvider.invoke(TestNGProvider.java:146)
at org.apache.maven.surefire.booter.ForkedBooter.invokeProviderInSameClassLoader(ForkedBooter.java:384)
at org.apache.maven.surefire.booter.ForkedBooter.runSuitesInProcess(ForkedBooter.java:345)
at org.apache.maven.surefire.booter.ForkedBooter.execute(ForkedBooter.java:126)
at org.apache.maven.surefire.booter.ForkedBooter.main(ForkedBooter.java:418)
]]>
            </full-stacktrace>
          </exception> <!-- java.io.FileNotFoundException -->
          <reporter-output>
          </reporter-output>
        </test-method> <!-- recordFailure -->
        <test-method is-config="true" signature="tearDown()[pri:0, instance:hovers.HoversTests@44c5a16f]" started-at="2021-05-07T20:23:43 MSK" name="tearDown" finished-at="1970-01-01T03:00:00 MSK" duration-ms="-1620408223048" status="SKIP">
          <reporter-output>
          </reporter-output>
        </test-method> <!-- tearDown -->
      </class> <!-- hovers.HoversTests -->
      <class name="sliders.HorizontalSliderTests">
        <test-method is-config="true" signature="setUp()[pri:0, instance:sliders.HorizontalSliderTests@5ee34b1b]" started-at="2021-05-07T20:25:18 MSK" name="setUp" finished-at="2021-05-07T20:25:24 MSK" duration-ms="5591" status="PASS">
          <reporter-output>
          </reporter-output>
        </test-method> <!-- setUp -->
        <test-method is-config="true" signature="goHome()[pri:0, instance:sliders.HorizontalSliderTests@5ee34b1b]" started-at="2021-05-07T20:25:24 MSK" name="goHome" finished-at="2021-05-07T20:25:24 MSK" duration-ms="353" status="PASS">
          <reporter-output>
          </reporter-output>
        </test-method> <!-- goHome -->
        <test-method signature="testSliders()[pri:0, instance:sliders.HorizontalSliderTests@5ee34b1b]" started-at="2021-05-07T20:25:24 MSK" name="testSliders" finished-at="2021-05-07T20:25:25 MSK" duration-ms="801" status="FAIL">
          <exception class="java.lang.AssertionError">
            <message>
              <![CDATA[wrong slider value expected [4] but found [[[ChromeDriver: chrome on WINDOWS (2bebb34c4dcd5ee0519e965c95861a22)] -> xpath: //*[@id='range']]]]]>
            </message>
            <full-stacktrace>
              <![CDATA[java.lang.AssertionError: wrong slider value expected [4] but found [[[ChromeDriver: chrome on WINDOWS (2bebb34c4dcd5ee0519e965c95861a22)] -> xpath: //*[@id='range']]]
at org.testng.Assert.fail(Assert.java:99)
at org.testng.Assert.failNotEquals(Assert.java:1037)
at org.testng.Assert.assertEqualsImpl(Assert.java:140)
at org.testng.Assert.assertEquals(Assert.java:122)
at sliders.HorizontalSliderTests.testSliders(HorizontalSliderTests.java:12)
at java.base/jdk.internal.reflect.NativeMethodAccessorImpl.invoke0(Native Method)
at java.base/jdk.internal.reflect.NativeMethodAccessorImpl.invoke(NativeMethodAccessorImpl.java:62)
at java.base/jdk.internal.reflect.DelegatingMethodAccessorImpl.invoke(DelegatingMethodAccessorImpl.java:43)
at java.base/java.lang.reflect.Method.invoke(Method.java:566)
at org.testng.internal.MethodInvocationHelper.invokeMethod(MethodInvocationHelper.java:133)
at org.testng.internal.TestInvoker.invokeMethod(TestInvoker.java:598)
at org.testng.internal.TestInvoker.invokeTestMethod(TestInvoker.java:173)
at org.testng.internal.MethodRunner.runInSequence(MethodRunner.java:46)
at org.testng.internal.TestInvoker$MethodInvocationAgent.invoke(TestInvoker.java:824)
at org.testng.internal.TestInvoker.invokeTestMethods(TestInvoker.java:146)
at org.testng.internal.TestMethodWorker.invokeTestMethods(TestMethodWorker.java:146)
at org.testng.internal.TestMethodWorker.run(TestMethodWorker.java:128)
at java.base/java.util.ArrayList.forEach(ArrayList.java:1540)
at org.testng.TestRunner.privateRun(TestRunner.java:794)
at org.testng.TestRunner.run(TestRunner.java:596)
at org.testng.SuiteRunner.runTest(SuiteRunner.java:377)
at org.testng.SuiteRunner.runSequentially(SuiteRunner.java:371)
at org.testng.SuiteRunner.privateRun(SuiteRunner.java:332)
at org.testng.SuiteRunner.run(SuiteRunner.java:276)
at org.testng.SuiteRunnerWorker.runSuite(SuiteRunnerWorker.java:53)
at org.testng.SuiteRunnerWorker.run(SuiteRunnerWorker.java:96)
at org.testng.TestNG.runSuitesSequentially(TestNG.java:1212)
at org.testng.TestNG.runSuitesLocally(TestNG.java:1134)
at org.testng.TestNG.runSuites(TestNG.java:1063)
at org.testng.TestNG.run(TestNG.java:1031)
at org.apache.maven.surefire.testng.TestNGExecutor.run(TestNGExecutor.java:135)
at org.apache.maven.surefire.testng.TestNGDirectoryTestSuite.executeMulti(TestNGDirectoryTestSuite.java:193)
at org.apache.maven.surefire.testng.TestNGDirectoryTestSuite.execute(TestNGDirectoryTestSuite.java:94)
at org.apache.maven.surefire.testng.TestNGProvider.invoke(TestNGProvider.java:146)
at org.apache.maven.surefire.booter.ForkedBooter.invokeProviderInSameClassLoader(ForkedBooter.java:384)
at org.apache.maven.surefire.booter.ForkedBooter.runSuitesInProcess(ForkedBooter.java:345)
at org.apache.maven.surefire.booter.ForkedBooter.execute(ForkedBooter.java:126)
at org.apache.maven.surefire.booter.ForkedBooter.main(ForkedBooter.java:418)
]]>
            </full-stacktrace>
          </exception> <!-- java.lang.AssertionError -->
          <reporter-output>
          </reporter-output>
        </test-method> <!-- testSliders -->
        <test-method is-config="true" signature="recordFailure(org.testng.ITestResult)[pri:0, instance:sliders.HorizontalSliderTests@5ee34b1b]" started-at="2021-05-07T20:25:25 MSK" name="recordFailure" finished-at="2021-05-07T20:25:25 MSK" duration-ms="453" status="FAIL">
          <params>
            <param index="0">
              <value>
                <![CDATA[[TestResult name=testSliders status=FAILURE method=HorizontalSliderTests.testSliders()[pri:0, instance:sliders.HorizontalSliderTests@5ee34b1b] output={null}]]]>
              </value>
            </param>
          </params>
          <exception class="java.io.FileNotFoundException">
            <message>
              <![CDATA[src\test\resources\screenshots\screenshottestSliderspng (The system cannot find the path specified)]]>
            </message>
            <full-stacktrace>
              <![CDATA[java.io.FileNotFoundException: src\test\resources\screenshots\screenshottestSliderspng (The system cannot find the path specified)
at java.base/java.io.FileOutputStream.open0(Native Method)
at java.base/java.io.FileOutputStream.open(FileOutputStream.java:298)
at java.base/java.io.FileOutputStream.<init>(FileOutputStream.java:237)
at com.google.common.io.Files$FileByteSink.openStream(Files.java:192)
at com.google.common.io.Files$FileByteSink.openStream(Files.java:180)
at com.google.common.io.ByteSource.copyTo(ByteSource.java:268)
at com.google.common.io.Files.copy(Files.java:319)
at com.google.common.io.Files.move(Files.java:478)
at base.BaseTests.takeScreenshot(BaseTests.java:61)
at base.BaseTests.recordFailure(BaseTests.java:67)
at jdk.internal.reflect.GeneratedMethodAccessor51.invoke(Unknown Source)
at java.base/jdk.internal.reflect.DelegatingMethodAccessorImpl.invoke(DelegatingMethodAccessorImpl.java:43)
at java.base/java.lang.reflect.Method.invoke(Method.java:566)
at org.testng.internal.MethodInvocationHelper.invokeMethod(MethodInvocationHelper.java:133)
at org.testng.internal.MethodInvocationHelper.invokeMethodConsideringTimeout(MethodInvocationHelper.java:62)
at org.testng.internal.ConfigInvoker.invokeConfigurationMethod(ConfigInvoker.java:385)
at org.testng.internal.ConfigInvoker.invokeConfigurations(ConfigInvoker.java:321)
at org.testng.internal.TestInvoker.runConfigMethods(TestInvoker.java:700)
at org.testng.internal.TestInvoker.runAfterGroupsConfigurations(TestInvoker.java:676)
at org.testng.internal.TestInvoker.invokeMethod(TestInvoker.java:660)
at org.testng.internal.TestInvoker.invokeTestMethod(TestInvoker.java:173)
at org.testng.internal.MethodRunner.runInSequence(MethodRunner.java:46)
at org.testng.internal.TestInvoker$MethodInvocationAgent.invoke(TestInvoker.java:824)
at org.testng.internal.TestInvoker.invokeTestMethods(TestInvoker.java:146)
at org.testng.internal.TestMethodWorker.invokeTestMethods(TestMethodWorker.java:146)
at org.testng.internal.TestMethodWorker.run(TestMethodWorker.java:128)
at java.base/java.util.ArrayList.forEach(ArrayList.java:1540)
at org.testng.TestRunner.privateRun(TestRunner.java:794)
at org.testng.TestRunner.run(TestRunner.java:596)
at org.testng.SuiteRunner.runTest(SuiteRunner.java:377)
at org.testng.SuiteRunner.runSequentially(SuiteRunner.java:371)
at org.testng.SuiteRunner.privateRun(SuiteRunner.java:332)
at org.testng.SuiteRunner.run(SuiteRunner.java:276)
at org.testng.SuiteRunnerWorker.runSuite(SuiteRunnerWorker.java:53)
at org.testng.SuiteRunnerWorker.run(SuiteRunnerWorker.java:96)
at org.testng.TestNG.runSuitesSequentially(TestNG.java:1212)
at org.testng.TestNG.runSuitesLocally(TestNG.java:1134)
at org.testng.TestNG.runSuites(TestNG.java:1063)
at org.testng.TestNG.run(TestNG.java:1031)
at org.apache.maven.surefire.testng.TestNGExecutor.run(TestNGExecutor.java:135)
at org.apache.maven.surefire.testng.TestNGDirectoryTestSuite.executeMulti(TestNGDirectoryTestSuite.java:193)
at org.apache.maven.surefire.testng.TestNGDirectoryTestSuite.execute(TestNGDirectoryTestSuite.java:94)
at org.apache.maven.surefire.testng.TestNGProvider.invoke(TestNGProvider.java:146)
at org.apache.maven.surefire.booter.ForkedBooter.invokeProviderInSameClassLoader(ForkedBooter.java:384)
at org.apache.maven.surefire.booter.ForkedBooter.runSuitesInProcess(ForkedBooter.java:345)
at org.apache.maven.surefire.booter.ForkedBooter.execute(ForkedBooter.java:126)
at org.apache.maven.surefire.booter.ForkedBooter.main(ForkedBooter.java:418)
]]>
            </full-stacktrace>
          </exception> <!-- java.io.FileNotFoundException -->
          <reporter-output>
          </reporter-output>
        </test-method> <!-- recordFailure -->
        <test-method is-config="true" signature="tearDown()[pri:0, instance:sliders.HorizontalSliderTests@5ee34b1b]" started-at="2021-05-07T20:25:25 MSK" name="tearDown" finished-at="1970-01-01T03:00:00 MSK" duration-ms="-1620408325866" status="SKIP">
          <reporter-output>
          </reporter-output>
        </test-method> <!-- tearDown -->
      </class> <!-- sliders.HorizontalSliderTests -->
      <class name="shiftingContent.ShiftingContentTests">
        <test-method is-config="true" signature="setUp()[pri:0, instance:shiftingContent.ShiftingContentTests@6de30571]" started-at="2021-05-07T20:25:11 MSK" name="setUp" finished-at="2021-05-07T20:25:16 MSK" duration-ms="5101" status="PASS">
          <reporter-output>
          </reporter-output>
        </test-method> <!-- setUp -->
        <test-method is-config="true" signature="goHome()[pri:0, instance:shiftingContent.ShiftingContentTests@6de30571]" started-at="2021-05-07T20:25:16 MSK" name="goHome" finished-at="2021-05-07T20:25:16 MSK" duration-ms="313" status="PASS">
          <reporter-output>
          </reporter-output>
        </test-method> <!-- goHome -->
        <test-method signature="testShiftingContentMenu()[pri:0, instance:shiftingContent.ShiftingContentTests@6de30571]" started-at="2021-05-07T20:25:16 MSK" name="testShiftingContentMenu" finished-at="2021-05-07T20:25:17 MSK" duration-ms="1006" status="PASS">
          <reporter-output>
          </reporter-output>
        </test-method> <!-- testShiftingContentMenu -->
        <test-method is-config="true" signature="recordFailure(org.testng.ITestResult)[pri:0, instance:shiftingContent.ShiftingContentTests@6de30571]" started-at="2021-05-07T20:25:17 MSK" name="recordFailure" finished-at="2021-05-07T20:25:17 MSK" duration-ms="6" status="PASS">
          <params>
            <param index="0">
              <value>
                <![CDATA[[TestResult name=testShiftingContentMenu status=SUCCESS method=ShiftingContentTests.testShiftingContentMenu()[pri:0, instance:shiftingContent.ShiftingContentTests@6de30571] output={null}]]]>
              </value>
            </param>
          </params>
          <reporter-output>
          </reporter-output>
        </test-method> <!-- recordFailure -->
        <test-method is-config="true" signature="tearDown()[pri:0, instance:shiftingContent.ShiftingContentTests@6de30571]" started-at="2021-05-07T20:25:17 MSK" name="tearDown" finished-at="2021-05-07T20:25:18 MSK" duration-ms="1010" status="PASS">
          <reporter-output>
          </reporter-output>
        </test-method> <!-- tearDown -->
      </class> <!-- shiftingContent.ShiftingContentTests -->
      <class name="navigation.NavigationTests">
        <test-method is-config="true" signature="setUp()[pri:0, instance:navigation.NavigationTests@6272c96f]" started-at="2021-05-07T20:24:50 MSK" name="setUp" finished-at="2021-05-07T20:24:56 MSK" duration-ms="5940" status="PASS">
          <reporter-output>
          </reporter-output>
        </test-method> <!-- setUp -->
        <test-method is-config="true" signature="goHome()[pri:0, instance:navigation.NavigationTests@6272c96f]" started-at="2021-05-07T20:24:56 MSK" name="goHome" finished-at="2021-05-07T20:24:56 MSK" duration-ms="503" status="PASS">
          <reporter-output>
          </reporter-output>
        </test-method> <!-- goHome -->
        <test-method signature="testNavigation()[pri:0, instance:navigation.NavigationTests@6272c96f]" started-at="2021-05-07T20:24:56 MSK" name="testNavigation" finished-at="2021-05-07T20:25:05 MSK" duration-ms="8628" status="PASS">
          <reporter-output>
          </reporter-output>
        </test-method> <!-- testNavigation -->
        <test-method is-config="true" signature="recordFailure(org.testng.ITestResult)[pri:0, instance:navigation.NavigationTests@6272c96f]" started-at="2021-05-07T20:25:05 MSK" name="recordFailure" finished-at="2021-05-07T20:25:05 MSK" duration-ms="1" status="PASS">
          <params>
            <param index="0">
              <value>
                <![CDATA[[TestResult name=testNavigation status=SUCCESS method=NavigationTests.testNavigation()[pri:0, instance:navigation.NavigationTests@6272c96f] output={null}]]]>
              </value>
            </param>
          </params>
          <reporter-output>
          </reporter-output>
        </test-method> <!-- recordFailure -->
        <test-method is-config="true" signature="goHome()[pri:0, instance:navigation.NavigationTests@6272c96f]" started-at="2021-05-07T20:25:05 MSK" name="goHome" finished-at="2021-05-07T20:25:06 MSK" duration-ms="811" status="PASS">
          <reporter-output>
          </reporter-output>
        </test-method> <!-- goHome -->
        <test-method signature="testSwitchToTab()[pri:0, instance:navigation.NavigationTests@6272c96f]" started-at="2021-05-07T20:25:06 MSK" name="testSwitchToTab" finished-at="2021-05-07T20:25:09 MSK" duration-ms="3153" status="PASS">
          <reporter-output>
          </reporter-output>
        </test-method> <!-- testSwitchToTab -->
        <test-method is-config="true" signature="recordFailure(org.testng.ITestResult)[pri:0, instance:navigation.NavigationTests@6272c96f]" started-at="2021-05-07T20:25:09 MSK" name="recordFailure" finished-at="2021-05-07T20:25:09 MSK" duration-ms="0" status="PASS">
          <params>
            <param index="0">
              <value>
                <![CDATA[[TestResult name=testSwitchToTab status=SUCCESS method=NavigationTests.testSwitchToTab()[pri:0, instance:navigation.NavigationTests@6272c96f] output={null}]]]>
              </value>
            </param>
          </params>
          <reporter-output>
          </reporter-output>
        </test-method> <!-- recordFailure -->
        <test-method is-config="true" signature="tearDown()[pri:0, instance:navigation.NavigationTests@6272c96f]" started-at="2021-05-07T20:25:09 MSK" name="tearDown" finished-at="2021-05-07T20:25:11 MSK" duration-ms="1663" status="PASS">
          <reporter-output>
          </reporter-output>
        </test-method> <!-- tearDown -->
      </class> <!-- navigation.NavigationTests -->
      <class name="fileUpload.FileUploadTests">
        <test-method is-config="true" signature="setUp()[pri:0, instance:fileUpload.FileUploadTests@24a298a6]" started-at="2021-05-07T20:22:46 MSK" name="setUp" finished-at="2021-05-07T20:22:51 MSK" duration-ms="5947" status="PASS">
          <reporter-output>
          </reporter-output>
        </test-method> <!-- setUp -->
        <test-method is-config="true" signature="goHome()[pri:0, instance:fileUpload.FileUploadTests@24a298a6]" started-at="2021-05-07T20:22:51 MSK" name="goHome" finished-at="2021-05-07T20:22:52 MSK" duration-ms="510" status="PASS">
          <reporter-output>
          </reporter-output>
        </test-method> <!-- goHome -->
        <test-method signature="testFileUpload()[pri:0, instance:fileUpload.FileUploadTests@24a298a6]" started-at="2021-05-07T20:22:52 MSK" name="testFileUpload" finished-at="2021-05-07T20:23:11 MSK" duration-ms="18558" status="PASS">
          <reporter-output>
          </reporter-output>
        </test-method> <!-- testFileUpload -->
        <test-method is-config="true" signature="recordFailure(org.testng.ITestResult)[pri:0, instance:fileUpload.FileUploadTests@24a298a6]" started-at="2021-05-07T20:23:11 MSK" name="recordFailure" finished-at="2021-05-07T20:23:11 MSK" duration-ms="0" status="PASS">
          <params>
            <param index="0">
              <value>
                <![CDATA[[TestResult name=testFileUpload status=SUCCESS method=FileUploadTests.testFileUpload()[pri:0, instance:fileUpload.FileUploadTests@24a298a6] output={null}]]]>
              </value>
            </param>
          </params>
          <reporter-output>
          </reporter-output>
        </test-method> <!-- recordFailure -->
        <test-method is-config="true" signature="tearDown()[pri:0, instance:fileUpload.FileUploadTests@24a298a6]" started-at="2021-05-07T20:23:11 MSK" name="tearDown" finished-at="2021-05-07T20:23:12 MSK" duration-ms="1040" status="PASS">
          <reporter-output>
          </reporter-output>
        </test-method> <!-- tearDown -->
      </class> <!-- fileUpload.FileUploadTests -->
      <class name="js.JavaScriptTests">
        <test-method is-config="true" signature="setUp()[pri:0, instance:js.JavaScriptTests@417d6615]" started-at="2021-05-07T20:23:43 MSK" name="setUp" finished-at="2021-05-07T20:23:52 MSK" duration-ms="9155" status="PASS">
          <reporter-output>
          </reporter-output>
        </test-method> <!-- setUp -->
        <test-method is-config="true" signature="goHome()[pri:0, instance:js.JavaScriptTests@417d6615]" started-at="2021-05-07T20:23:52 MSK" name="goHome" finished-at="2021-05-07T20:23:52 MSK" duration-ms="468" status="PASS">
          <reporter-output>
          </reporter-output>
        </test-method> <!-- goHome -->
        <test-method signature="testJS()[pri:0, instance:js.JavaScriptTests@417d6615]" started-at="2021-05-07T20:23:52 MSK" name="testJS" finished-at="2021-05-07T20:23:54 MSK" duration-ms="1739" status="PASS">
          <reporter-output>
          </reporter-output>
        </test-method> <!-- testJS -->
        <test-method is-config="true" signature="recordFailure(org.testng.ITestResult)[pri:0, instance:js.JavaScriptTests@417d6615]" started-at="2021-05-07T20:23:54 MSK" name="recordFailure" finished-at="2021-05-07T20:23:54 MSK" duration-ms="4" status="PASS">
          <params>
            <param index="0">
              <value>
                <![CDATA[[TestResult name=testJS status=SUCCESS method=JavaScriptTests.testJS()[pri:0, instance:js.JavaScriptTests@417d6615] output={null}]]]>
              </value>
            </param>
          </params>
          <reporter-output>
          </reporter-output>
        </test-method> <!-- recordFailure -->
        <test-method is-config="true" signature="tearDown()[pri:0, instance:js.JavaScriptTests@417d6615]" started-at="2021-05-07T20:23:54 MSK" name="tearDown" finished-at="2021-05-07T20:23:56 MSK" duration-ms="1769" status="PASS">
          <reporter-output>
          </reporter-output>
        </test-method> <!-- tearDown -->
      </class> <!-- js.JavaScriptTests -->
      <class name="alerts.AlertTests">
        <test-method is-config="true" signature="setUp()[pri:0, instance:alerts.AlertTests@198ef2ce]" started-at="2021-05-07T20:22:12 MSK" name="setUp" finished-at="2021-05-07T20:22:24 MSK" duration-ms="11646" status="PASS">
          <reporter-output>
          </reporter-output>
        </test-method> <!-- setUp -->
        <test-method is-config="true" signature="goHome()[pri:0, instance:alerts.AlertTests@198ef2ce]" started-at="2021-05-07T20:22:24 MSK" name="goHome" finished-at="2021-05-07T20:22:24 MSK" duration-ms="594" status="PASS">
          <reporter-output>
          </reporter-output>
        </test-method> <!-- goHome -->
        <test-method signature="testAlert()[pri:0, instance:alerts.AlertTests@198ef2ce]" started-at="2021-05-07T20:22:25 MSK" name="testAlert" finished-at="2021-05-07T20:22:28 MSK" duration-ms="3199" status="PASS">
          <reporter-output>
          </reporter-output>
        </test-method> <!-- testAlert -->
        <test-method is-config="true" signature="recordFailure(org.testng.ITestResult)[pri:0, instance:alerts.AlertTests@198ef2ce]" started-at="2021-05-07T20:22:28 MSK" name="recordFailure" finished-at="2021-05-07T20:22:28 MSK" duration-ms="10" status="PASS">
          <params>
            <param index="0">
              <value>
                <![CDATA[[TestResult name=testAlert status=SUCCESS method=AlertTests.testAlert()[pri:0, instance:alerts.AlertTests@198ef2ce] output={null}]]]>
              </value>
            </param>
          </params>
          <reporter-output>
          </reporter-output>
        </test-method> <!-- recordFailure -->
        <test-method is-config="true" signature="goHome()[pri:0, instance:alerts.AlertTests@198ef2ce]" started-at="2021-05-07T20:22:28 MSK" name="goHome" finished-at="2021-05-07T20:22:29 MSK" duration-ms="498" status="PASS">
          <reporter-output>
          </reporter-output>
        </test-method> <!-- goHome -->
        <test-method signature="testConfirm()[pri:0, instance:alerts.AlertTests@198ef2ce]" started-at="2021-05-07T20:22:29 MSK" name="testConfirm" finished-at="2021-05-07T20:22:30 MSK" duration-ms="1069" status="PASS">
          <reporter-output>
          </reporter-output>
        </test-method> <!-- testConfirm -->
        <test-method is-config="true" signature="recordFailure(org.testng.ITestResult)[pri:0, instance:alerts.AlertTests@198ef2ce]" started-at="2021-05-07T20:22:30 MSK" name="recordFailure" finished-at="2021-05-07T20:22:30 MSK" duration-ms="1" status="PASS">
          <params>
            <param index="0">
              <value>
                <![CDATA[[TestResult name=testConfirm status=SUCCESS method=AlertTests.testConfirm()[pri:0, instance:alerts.AlertTests@198ef2ce] output={null}]]]>
              </value>
            </param>
          </params>
          <reporter-output>
          </reporter-output>
        </test-method> <!-- recordFailure -->
        <test-method is-config="true" signature="goHome()[pri:0, instance:alerts.AlertTests@198ef2ce]" started-at="2021-05-07T20:22:30 MSK" name="goHome" finished-at="2021-05-07T20:22:30 MSK" duration-ms="416" status="PASS">
          <reporter-output>
          </reporter-output>
        </test-method> <!-- goHome -->
        <test-method signature="testPrompt()[pri:0, instance:alerts.AlertTests@198ef2ce]" started-at="2021-05-07T20:22:30 MSK" name="testPrompt" finished-at="2021-05-07T20:22:33 MSK" duration-ms="2426" status="PASS">
          <reporter-output>
          </reporter-output>
        </test-method> <!-- testPrompt -->
        <test-method is-config="true" signature="recordFailure(org.testng.ITestResult)[pri:0, instance:alerts.AlertTests@198ef2ce]" started-at="2021-05-07T20:22:33 MSK" name="recordFailure" finished-at="2021-05-07T20:22:33 MSK" duration-ms="1" status="PASS">
          <params>
            <param index="0">
              <value>
                <![CDATA[[TestResult name=testPrompt status=SUCCESS method=AlertTests.testPrompt()[pri:0, instance:alerts.AlertTests@198ef2ce] output={null}]]]>
              </value>
            </param>
          </params>
          <reporter-output>
          </reporter-output>
        </test-method> <!-- recordFailure -->
        <test-method is-config="true" signature="tearDown()[pri:0, instance:alerts.AlertTests@198ef2ce]" started-at="2021-05-07T20:22:33 MSK" name="tearDown" finished-at="2021-05-07T20:22:35 MSK" duration-ms="1730" status="PASS">
          <reporter-output>
          </reporter-output>
        </test-method> <!-- tearDown -->
      </class> <!-- alerts.AlertTests -->
      <class name="keys.KeysTests">
        <test-method is-config="true" signature="setUp()[pri:0, instance:keys.KeysTests@7a6ebe1e]" started-at="2021-05-07T20:23:56 MSK" name="setUp" finished-at="2021-05-07T20:24:06 MSK" duration-ms="9937" status="PASS">
          <reporter-output>
          </reporter-output>
        </test-method> <!-- setUp -->
        <test-method is-config="true" signature="goHome()[pri:0, instance:keys.KeysTests@7a6ebe1e]" started-at="2021-05-07T20:24:06 MSK" name="goHome" finished-at="2021-05-07T20:24:07 MSK" duration-ms="1136" status="PASS">
          <reporter-output>
          </reporter-output>
        </test-method> <!-- goHome -->
        <test-method signature="testBackSpace()[pri:0, instance:keys.KeysTests@7a6ebe1e]" started-at="2021-05-07T20:24:07 MSK" name="testBackSpace" finished-at="2021-05-07T20:24:10 MSK" duration-ms="3083" status="PASS">
          <reporter-output>
          </reporter-output>
        </test-method> <!-- testBackSpace -->
        <test-method is-config="true" signature="recordFailure(org.testng.ITestResult)[pri:0, instance:keys.KeysTests@7a6ebe1e]" started-at="2021-05-07T20:24:10 MSK" name="recordFailure" finished-at="2021-05-07T20:24:10 MSK" duration-ms="1" status="PASS">
          <params>
            <param index="0">
              <value>
                <![CDATA[[TestResult name=testBackSpace status=SUCCESS method=KeysTests.testBackSpace()[pri:0, instance:keys.KeysTests@7a6ebe1e] output={null}]]]>
              </value>
            </param>
          </params>
          <reporter-output>
          </reporter-output>
        </test-method> <!-- recordFailure -->
        <test-method is-config="true" signature="goHome()[pri:0, instance:keys.KeysTests@7a6ebe1e]" started-at="2021-05-07T20:24:10 MSK" name="goHome" finished-at="2021-05-07T20:24:14 MSK" duration-ms="4426" status="PASS">
          <reporter-output>
          </reporter-output>
        </test-method> <!-- goHome -->
        <test-method signature="testShortCuts()[pri:0, instance:keys.KeysTests@7a6ebe1e]" started-at="2021-05-07T20:24:14 MSK" name="testShortCuts" finished-at="2021-05-07T20:24:17 MSK" duration-ms="3013" status="PASS">
          <reporter-output>
          </reporter-output>
        </test-method> <!-- testShortCuts -->
        <test-method is-config="true" signature="recordFailure(org.testng.ITestResult)[pri:0, instance:keys.KeysTests@7a6ebe1e]" started-at="2021-05-07T20:24:17 MSK" name="recordFailure" finished-at="2021-05-07T20:24:17 MSK" duration-ms="1" status="PASS">
          <params>
            <param index="0">
              <value>
                <![CDATA[[TestResult name=testShortCuts status=SUCCESS method=KeysTests.testShortCuts()[pri:0, instance:keys.KeysTests@7a6ebe1e] output={null}]]]>
              </value>
            </param>
          </params>
          <reporter-output>
          </reporter-output>
        </test-method> <!-- recordFailure -->
        <test-method is-config="true" signature="tearDown()[pri:0, instance:keys.KeysTests@7a6ebe1e]" started-at="2021-05-07T20:24:17 MSK" name="tearDown" finished-at="2021-05-07T20:24:27 MSK" duration-ms="9769" status="PASS">
          <reporter-output>
          </reporter-output>
        </test-method> <!-- tearDown -->
      </class> <!-- keys.KeysTests -->
    </test> <!-- Surefire test -->
  </suite> <!-- Surefire suite -->
</testng-results>
