<?xml version="1.0" encoding="UTF-8"?>
<testsuite xmlns:xsi="http://www.w3.org/2001/XMLSchema-instance" xsi:noNamespaceSchemaLocation="https://maven.apache.org/surefire/maven-surefire-plugin/xsd/surefire-test-report.xsd" name="TestSuite" time="219.736" tests="26" errors="0" skipped="4" failures="8">
  <properties>
[...]
</properties>
  <testcase name="testAlert" classname="alerts.AlertTests" time="3.201"/>
  <testcase name="testConfirm" classname="alerts.AlertTests" time="1.069"/>
  <testcase name="testPrompt" classname="alerts.AlertTests" time="2.42"/>
  <testcase name="testSelectOption" classname="dropdown.DropDownTests" time="0.706">
    <failure message="class org.openqa.selenium.support.events.EventFiringWebDriver$EventFiringWebElement cannot be cast to class org.openqa.selenium.support.ui.Select (org.openqa.selenium.support.events.EventFiringWebDriver$EventFiringWebElement and org.openqa.selenium.support.ui.Select are in unnamed module of loader &apos;app&apos;)" type="java.lang.ClassCastException">java.lang.ClassCastException: class org.openqa.selenium.support.events.EventFiringWebDriver$EventFiringWebElement cannot be cast to class org.openqa.selenium.support.ui.Select (org.openqa.selenium.support.events.EventFiringWebDriver$EventFiringWebElement and org.openqa.selenium.support.ui.Select are in unnamed module of loader 'app')
	at dropdown.DropDownTests.testSelectOption(DropDownTests.java:17)
</failure>
    <system-out><![CDATA[click on Dropdown
]]></system-out>
    <system-err><![CDATA[Starting ChromeDriver 89.0.4389.23 (61b08ee2c50024bab004e48d2b1b083cdbdac579-refs/branch-heads/4389@{#294}) on port 2281
Only local connections are allowed.
Please see https://chromedriver.chromium.org/security-considerations for suggestions on keeping ChromeDriver safe.
ChromeDriver was started successfully.
May 07, 2021 8:22:38 PM org.openqa.selenium.remote.ProtocolHandshake createSession
INFO: Detected dialect: W3C
]]></system-err>
  </testcase>
  <testcase name="recordFailure" classname="dropdown.DropDownTests" time="1.183">
    <failure message="src\test\resources\screenshots\screenshottestSelectOptionpng (The system cannot find the path specified)" type="java.io.FileNotFoundException">java.io.FileNotFoundException: src\test\resources\screenshots\screenshottestSelectOptionpng (The system cannot find the path specified)
</failure>
  </testcase>
  <testcase name="tearDown" classname="dropdown.DropDownTests" time="0">
    <skipped/>
  </testcase>
  <testcase name="testFileUpload" classname="fileUpload.FileUploadTests" time="18.559"/>
  <testcase name="testForgottenEmail" classname="forgotPassword.ForgotPasswordTests" time="1.99"/>
  <testcase name="testEditor" classname="frames.FrameTests" time="3.809"/>
  <testcase name="testHoverUser" classname="hovers.HoversTests" time="2.192">
    <failure message="wrong link href attr expected [/user/1] but found [http://the-internet.herokuapp.com/users/1]" type="java.lang.AssertionError">java.lang.AssertionError: wrong link href attr expected [/user/1] but found [http://the-internet.herokuapp.com/users/1]
	at hovers.HoversTests.testHoverUser(HoversTests.java:22)
</failure>
    <system-out><![CDATA[click on Hovers
]]></system-out>
    <system-err><![CDATA[Starting ChromeDriver 89.0.4389.23 (61b08ee2c50024bab004e48d2b1b083cdbdac579-refs/branch-heads/4389@{#294}) on port 8038
Only local connections are allowed.
Please see https://chromedriver.chromium.org/security-considerations for suggestions on keeping ChromeDriver safe.
ChromeDriver was started successfully.
May 07, 2021 8:23:35 PM org.openqa.selenium.remote.ProtocolHandshake createSession
INFO: Detected dialect: W3C
]]></system-err>
  </testcase>
  <testcase name="recordFailure" classname="hovers.HoversTests" time="3.604">
    <failure message="src\test\resources\screenshots\screenshottestHoverUserpng (The system cannot find the path specified)" type="java.io.FileNotFoundException">java.io.FileNotFoundException: src\test\resources\screenshots\screenshottestHoverUserpng (The system cannot find the path specified)
</failure>
  </testcase>
  <testcase name="tearDown" classname="hovers.HoversTests" time="0">
    <skipped/>
  </testcase>
  <testcase name="testJS" classname="js.JavaScriptTests" time="1.738"/>
  <testcase name="testBackSpace" classname="keys.KeysTests" time="3.084"/>
  <testcase name="testShortCuts" classname="keys.KeysTests" time="3.015"/>
  <testcase name="testSuccessfulLogin" classname="login.LoginTests" time="2.939">
    <failure message="Message is wrong expected [You logged into a secure area!&#10;×] but found [Your username is invalid!&#10;×]" type="java.lang.AssertionError">java.lang.AssertionError: 
Message is wrong expected [You logged into a secure area!
×] but found [Your username is invalid!
×]
	at login.LoginTests.testSuccessfulLogin(LoginTests.java:18)
</failure>
    <system-out><![CDATA[click on Form Authentication
click on Login
]]></system-out>
    <system-err><![CDATA[Starting ChromeDriver 89.0.4389.23 (61b08ee2c50024bab004e48d2b1b083cdbdac579-refs/branch-heads/4389@{#294}) on port 9709
Only local connections are allowed.
Please see https://chromedriver.chromium.org/security-considerations for suggestions on keeping ChromeDriver safe.
ChromeDriver was started successfully.
May 07, 2021 8:24:29 PM org.openqa.selenium.remote.ProtocolHandshake createSession
INFO: Detected dialect: W3C
]]></system-err>
  </testcase>
  <testcase name="recordFailure" classname="login.LoginTests" time="3.57">
    <failure message="src\test\resources\screenshots\screenshottestSuccessfulLoginpng (The system cannot find the path specified)" type="java.io.FileNotFoundException">java.io.FileNotFoundException: src\test\resources\screenshots\screenshottestSuccessfulLoginpng (The system cannot find the path specified)
</failure>
  </testcase>
  <testcase name="tearDown" classname="login.LoginTests" time="0">
    <skipped/>
  </testcase>
  <testcase name="testModal" classname="modals.ModalTests" time="1.983"/>
  <testcase name="testNavigation" classname="navigation.NavigationTests" time="8.624"/>
  <testcase name="testSwitchToTab" classname="navigation.NavigationTests" time="3.152"/>
  <testcase name="testShiftingContentMenu" classname="shiftingContent.ShiftingContentTests" time="1.006"/>
  <testcase name="testSliders" classname="sliders.HorizontalSliderTests" time="0.801">
    <failure message="wrong slider value expected [4] but found [[[ChromeDriver: chrome on WINDOWS (2bebb34c4dcd5ee0519e965c95861a22)] -&gt; xpath: //*[@id=&apos;range&apos;]]]" type="java.lang.AssertionError">java.lang.AssertionError: wrong slider value expected [4] but found [[[ChromeDriver: chrome on WINDOWS (2bebb34c4dcd5ee0519e965c95861a22)] -> xpath: //*[@id='range']]]
	at sliders.HorizontalSliderTests.testSliders(HorizontalSliderTests.java:12)
</failure>
    <system-out><![CDATA[click on Horizontal Slider
]]></system-out>
    <system-err><![CDATA[Starting ChromeDriver 89.0.4389.23 (61b08ee2c50024bab004e48d2b1b083cdbdac579-refs/branch-heads/4389@{#294}) on port 48988
Only local connections are allowed.
Please see https://chromedriver.chromium.org/security-considerations for suggestions on keeping ChromeDriver safe.
ChromeDriver was started successfully.
May 07, 2021 8:25:20 PM org.openqa.selenium.remote.ProtocolHandshake createSession
INFO: Detected dialect: W3C
]]></system-err>
  </testcase>
  <testcase name="recordFailure" classname="sliders.HorizontalSliderTests" time="1.268">
    <failure message="src\test\resources\screenshots\screenshottestSliderspng (The system cannot find the path specified)" type="java.io.FileNotFoundException">java.io.FileNotFoundException: src\test\resources\screenshots\screenshottestSliderspng (The system cannot find the path specified)
</failure>
  </testcase>
  <testcase name="tearDown" classname="sliders.HorizontalSliderTests" time="0">
    <skipped/>
  </testcase>
  <testcase name="testWaits" classname="wait.WaitTests" time="6.317"/>
</testsuite>